  [4;36;1mSQL (0.0ms)[0m   [0;1m SELECT name
 FROM sqlite_master
 WHERE type = 'table' AND NOT name = 'sqlite_sequence'
[0m
  [4;35;1mSQL (0.0ms)[0m   [0mselect sqlite_version(*)[0m
  [4;36;1mSQL (38.0ms)[0m   [0;1mCREATE TABLE "schema_migrations" ("version" varchar(255) NOT NULL) [0m
  [4;35;1mSQL (0.0ms)[0m   [0mPRAGMA index_list("schema_migrations")[0m
  [4;36;1mSQL (51.0ms)[0m   [0;1mCREATE UNIQUE INDEX "unique_schema_migrations" ON "schema_migrations" ("version")[0m
  [4;35;1mSQL (0.0ms)[0m   [0m SELECT name
 FROM sqlite_master
 WHERE type = 'table' AND NOT name = 'sqlite_sequence'
[0m
  [4;36;1mSQL (0.0ms)[0m   [0;1mSELECT version FROM schema_migrations[0m
Migrating to CreateUsers (20100604033915)
  [4;35;1mSQL (1.0ms)[0m   [0mCREATE TABLE "users" ("id" INTEGER PRIMARY KEY AUTOINCREMENT NOT NULL, "name" varchar(255), "email" varchar(255), "created_at" datetime, "updated_at" datetime) [0m
  [4;36;1mSQL (0.0ms)[0m   [0;1mINSERT INTO schema_migrations (version) VALUES ('20100604033915')[0m
  [4;35;1mSQL (0.0ms)[0m   [0m SELECT name
 FROM sqlite_master
 WHERE type = 'table' AND NOT name = 'sqlite_sequence'
[0m
  [4;36;1mSQL (0.0ms)[0m   [0;1mSELECT version FROM schema_migrations[0m
  [4;35;1mSQL (0.0ms)[0m   [0m SELECT name
 FROM sqlite_master
 WHERE type = 'table' AND NOT name = 'sqlite_sequence'
[0m
  [4;36;1mSQL (0.0ms)[0m   [0;1mPRAGMA index_list("users")[0m


Processing Rails::InfoController#properties (for 127.0.0.1 at 2010-06-03 23:41:11) [GET]
  [4;36;1mSQL (1.0ms)[0m   [0;1m SELECT name
 FROM sqlite_master
 WHERE type = 'table' AND NOT name = 'sqlite_sequence'
[0m
  [4;35;1mSQL (0.0ms)[0m   [0mSELECT version FROM schema_migrations[0m
Completed in 38ms (View: 6, DB: 1) | 200 OK [http://localhost/rails/info/properties]


Processing UsersController#index (for 127.0.0.1 at 2010-06-03 23:41:41) [GET]
  [4;36;1mUser Load (0.0ms)[0m   [0;1mSELECT * FROM "users" [0m
Rendering template within layouts/users
Rendering users/index
Completed in 235ms (View: 229, DB: 0) | 200 OK [http://localhost/users]


Processing UsersController#new (for 127.0.0.1 at 2010-06-03 23:41:46) [GET]
Rendering template within layouts/users
Rendering users/new
Completed in 48ms (View: 43, DB: 0) | 200 OK [http://localhost/users/new]


Processing UsersController#index (for 127.0.0.1 at 2010-06-03 23:41:51) [GET]
  [4;35;1mUser Load (0.0ms)[0m   [0mSELECT * FROM "users" [0m
Rendering template within layouts/users
Rendering users/index
Completed in 7ms (View: 2, DB: 0) | 200 OK [http://localhost/users]


Processing Rails::InfoController#properties (for 127.0.0.1 at 2010-06-05 21:38:50) [GET]
  [4;36;1mSQL (18.0ms)[0m   [0;1m SELECT name
 FROM sqlite_master
 WHERE type = 'table' AND NOT name = 'sqlite_sequence'
[0m
  [4;35;1mSQL (0.0ms)[0m   [0mSELECT version FROM schema_migrations[0m
Completed in 87ms (View: 7, DB: 18) | 200 OK [http://localhost/rails/info/properties]


Processing UsersController#index (for 127.0.0.1 at 2010-06-05 21:39:01) [GET]
  [4;36;1mUser Load (0.0ms)[0m   [0;1mSELECT * FROM "users" [0m
Rendering template within layouts/users
Rendering users/index
Completed in 284ms (View: 279, DB: 0) | 200 OK [http://localhost/users]


Processing UsersController#new (for 127.0.0.1 at 2010-06-05 21:39:06) [GET]
Rendering template within layouts/users
Rendering users/new
Completed in 17ms (View: 12, DB: 0) | 200 OK [http://localhost/users/new]


Processing UsersController#create (for 127.0.0.1 at 2010-06-05 21:48:44) [POST]
  Parameters: {"commit"=>"Create", "authenticity_token"=>"ve0qC4y6PZJCSp8ztpDLRUEIfXFz3VqU85WQrWPmsow=", "user"=>{"name"=>"Erum Vega", "email"=>"vegatech2009@live.com"}}
  [4;35;1mUser Create (1.0ms)[0m   [0mINSERT INTO "users" ("name", "created_at", "updated_at", "email") VALUES('Erum Vega', '2010-06-06 01:48:44', '2010-06-06 01:48:44', 'vegatech2009@live.com')[0m
Redirected to http://localhost:3000/users/1
Completed in 45ms (DB: 1) | 302 Found [http://localhost/users]


Processing UsersController#show (for 127.0.0.1 at 2010-06-05 21:48:44) [GET]
  Parameters: {"id"=>"1"}
  [4;36;1mUser Load (0.0ms)[0m   [0;1mSELECT * FROM "users" WHERE ("users"."id" = 1) [0m
Rendering template within layouts/users
Rendering users/show
Completed in 14ms (View: 7, DB: 0) | 200 OK [http://localhost/users/1]


Processing UsersController#index (for 127.0.0.1 at 2010-06-05 21:48:51) [GET]
  [4;35;1mUser Load (1.0ms)[0m   [0mSELECT * FROM "users" [0m
Rendering template within layouts/users
Rendering users/index
Completed in 11ms (View: 5, DB: 1) | 200 OK [http://localhost/users]


Processing UsersController#new (for 127.0.0.1 at 2010-06-05 21:48:53) [GET]
Rendering template within layouts/users
Rendering users/new
Completed in 14ms (View: 8, DB: 0) | 200 OK [http://localhost/users/new]


Processing UsersController#create (for 127.0.0.1 at 2010-06-05 21:49:21) [POST]
  Parameters: {"commit"=>"Create", "authenticity_token"=>"ve0qC4y6PZJCSp8ztpDLRUEIfXFz3VqU85WQrWPmsow=", "user"=>{"name"=>"Foo Bar", "email"=>"foobar@example.com"}}
  [4;36;1mUser Create (1.0ms)[0m   [0;1mINSERT INTO "users" ("name", "created_at", "updated_at", "email") VALUES('Foo Bar', '2010-06-06 01:49:21', '2010-06-06 01:49:21', 'foobar@example.com')[0m
Redirected to http://localhost:3000/users/2
Completed in 46ms (DB: 1) | 302 Found [http://localhost/users]


Processing UsersController#show (for 127.0.0.1 at 2010-06-05 21:49:21) [GET]
  Parameters: {"id"=>"2"}
  [4;35;1mUser Load (0.0ms)[0m   [0mSELECT * FROM "users" WHERE ("users"."id" = 2) [0m
Rendering template within layouts/users
Rendering users/show
Completed in 9ms (View: 3, DB: 0) | 200 OK [http://localhost/users/2]
  [4;36;1mSQL (0.0ms)[0m   [0;1m SELECT name
 FROM sqlite_master
 WHERE type = 'table' AND NOT name = 'sqlite_sequence'
[0m
  [4;35;1mSQL (0.0ms)[0m   [0mSELECT version FROM schema_migrations[0m
Migrating to CreateUsers (20100604033915)
Migrating to CreateMicroposts (20100606015031)
  [4;36;1mSQL (0.0ms)[0m   [0;1mselect sqlite_version(*)[0m
  [4;35;1mSQL (1.0ms)[0m   [0mCREATE TABLE "microposts" ("id" INTEGER PRIMARY KEY AUTOINCREMENT NOT NULL, "content" varchar(255), "user_id" integer, "created_at" datetime, "updated_at" datetime) [0m
  [4;36;1mSQL (1.0ms)[0m   [0;1mINSERT INTO schema_migrations (version) VALUES ('20100606015031')[0m
  [4;35;1mSQL (0.0ms)[0m   [0m SELECT name
 FROM sqlite_master
 WHERE type = 'table' AND NOT name = 'sqlite_sequence'
[0m
  [4;36;1mSQL (0.0ms)[0m   [0;1mSELECT version FROM schema_migrations[0m
  [4;35;1mSQL (0.0ms)[0m   [0m SELECT name
 FROM sqlite_master
 WHERE type = 'table' AND NOT name = 'sqlite_sequence'
[0m
  [4;36;1mSQL (0.0ms)[0m   [0;1mPRAGMA index_list("microposts")[0m
  [4;35;1mSQL (0.0ms)[0m   [0mPRAGMA index_list("users")[0m


Processing MicropostsController#new (for 127.0.0.1 at 2010-06-05 21:53:57) [GET]
Rendering template within layouts/microposts
Rendering microposts/new
Completed in 30ms (View: 22, DB: 0) | 200 OK [http://localhost/microposts/new]


Processing MicropostsController#create (for 127.0.0.1 at 2010-06-05 21:54:52) [POST]
  Parameters: {"commit"=>"Create", "micropost"=>{"user_id"=>"1", "content"=>"First posting with microposting"}, "authenticity_token"=>"ve0qC4y6PZJCSp8ztpDLRUEIfXFz3VqU85WQrWPmsow="}
  [4;36;1mMicropost Create (1.0ms)[0m   [0;1mINSERT INTO "microposts" ("created_at", "updated_at", "user_id", "content") VALUES('2010-06-06 01:54:52', '2010-06-06 01:54:52', 1, 'First posting with microposting')[0m
Redirected to http://localhost:3000/microposts/1
Completed in 45ms (DB: 1) | 302 Found [http://localhost/microposts]


Processing MicropostsController#show (for 127.0.0.1 at 2010-06-05 21:54:52) [GET]
  Parameters: {"id"=>"1"}
  [4;35;1mMicropost Load (1.0ms)[0m   [0mSELECT * FROM "microposts" WHERE ("microposts"."id" = 1) [0m
Rendering template within layouts/microposts
Rendering microposts/show
Completed in 48ms (View: 42, DB: 1) | 200 OK [http://localhost/microposts/1]


Processing MicropostsController#edit (for 127.0.0.1 at 2010-06-05 21:55:25) [GET]
  Parameters: {"id"=>"1"}
  [4;36;1mMicropost Load (0.0ms)[0m   [0;1mSELECT * FROM "microposts" WHERE ("microposts"."id" = 1) [0m
Rendering template within layouts/microposts
Rendering microposts/edit
Completed in 17ms (View: 11, DB: 0) | 200 OK [http://localhost/microposts/1/edit]


Processing MicropostsController#index (for 127.0.0.1 at 2010-06-05 21:55:27) [GET]
  [4;35;1mMicropost Load (1.0ms)[0m   [0mSELECT * FROM "microposts" [0m
Rendering template within layouts/microposts
Rendering microposts/index
Completed in 14ms (View: 8, DB: 1) | 200 OK [http://localhost/microposts]


Processing MicropostsController#new (for 127.0.0.1 at 2010-06-05 21:55:32) [GET]
Rendering template within layouts/microposts
Rendering microposts/new
Completed in 12ms (View: 7, DB: 0) | 200 OK [http://localhost/microposts/new]


Processing MicropostsController#create (for 127.0.0.1 at 2010-06-05 21:56:03) [POST]
  Parameters: {"commit"=>"Create", "micropost"=>{"user_id"=>"1", "content"=>"Second Posting micropost"}, "authenticity_token"=>"ve0qC4y6PZJCSp8ztpDLRUEIfXFz3VqU85WQrWPmsow="}
  [4;36;1mMicropost Create (1.0ms)[0m   [0;1mINSERT INTO "microposts" ("created_at", "updated_at", "user_id", "content") VALUES('2010-06-06 01:56:03', '2010-06-06 01:56:03', 1, 'Second Posting micropost')[0m
Redirected to http://localhost:3000/microposts/2
Completed in 31ms (DB: 1) | 302 Found [http://localhost/microposts]


Processing MicropostsController#show (for 127.0.0.1 at 2010-06-05 21:56:03) [GET]
  Parameters: {"id"=>"2"}
  [4;35;1mMicropost Load (0.0ms)[0m   [0mSELECT * FROM "microposts" WHERE ("microposts"."id" = 2) [0m
Rendering template within layouts/microposts
Rendering microposts/show
Completed in 8ms (View: 2, DB: 0) | 200 OK [http://localhost/microposts/2]


Processing MicropostsController#index (for 127.0.0.1 at 2010-06-05 21:56:08) [GET]
  [4;36;1mMicropost Load (1.0ms)[0m   [0;1mSELECT * FROM "microposts" [0m
Rendering template within layouts/microposts
Rendering microposts/index
Completed in 15ms (View: 8, DB: 1) | 200 OK [http://localhost/microposts]


Processing MicropostsController#show (for 127.0.0.1 at 2010-06-05 21:56:11) [GET]
  Parameters: {"id"=>"1"}
  [4;35;1mMicropost Load (0.0ms)[0m   [0mSELECT * FROM "microposts" WHERE ("microposts"."id" = 1) [0m
Rendering template within layouts/microposts
Rendering microposts/show
Completed in 12ms (View: 4, DB: 0) | 200 OK [http://localhost/microposts/1]


Processing MicropostsController#edit (for 127.0.0.1 at 2010-06-05 21:56:16) [GET]
  Parameters: {"id"=>"1"}
  [4;36;1mMicropost Load (0.0ms)[0m   [0;1mSELECT * FROM "microposts" WHERE ("microposts"."id" = 1) [0m
Rendering template within layouts/microposts
Rendering microposts/edit
Completed in 15ms (View: 9, DB: 0) | 200 OK [http://localhost/microposts/1/edit]


Processing MicropostsController#update (for 127.0.0.1 at 2010-06-05 21:56:19) [PUT]
  Parameters: {"commit"=>"Update", "micropost"=>{"user_id"=>"1", "content"=>"First posting with microposting"}, "authenticity_token"=>"ve0qC4y6PZJCSp8ztpDLRUEIfXFz3VqU85WQrWPmsow=", "id"=>"1"}
  [4;35;1mMicropost Load (0.0ms)[0m   [0mSELECT * FROM "microposts" WHERE ("microposts"."id" = 1) [0m
Redirected to http://localhost:3000/microposts/1
Completed in 8ms (DB: 0) | 302 Found [http://localhost/microposts/1]


Processing MicropostsController#show (for 127.0.0.1 at 2010-06-05 21:56:19) [GET]
  Parameters: {"id"=>"1"}
  [4;36;1mMicropost Load (1.0ms)[0m   [0;1mSELECT * FROM "microposts" WHERE ("microposts"."id" = 1) [0m
Rendering template within layouts/microposts
Rendering microposts/show
Completed in 8ms (View: 3, DB: 1) | 200 OK [http://localhost/microposts/1]


Processing MicropostsController#index (for 127.0.0.1 at 2010-06-05 21:56:25) [GET]
  [4;35;1mMicropost Load (0.0ms)[0m   [0mSELECT * FROM "microposts" [0m
Rendering template within layouts/microposts
Rendering microposts/index
Completed in 11ms (View: 6, DB: 0) | 200 OK [http://localhost/microposts]


Processing MicropostsController#show (for 127.0.0.1 at 2010-06-05 21:56:34) [GET]
  Parameters: {"id"=>"1"}
  [4;36;1mMicropost Load (0.0ms)[0m   [0;1mSELECT * FROM "microposts" WHERE ("microposts"."id" = 1) [0m
Rendering template within layouts/microposts
Rendering microposts/show
Completed in 9ms (View: 2, DB: 0) | 200 OK [http://localhost/microposts/1]


Processing MicropostsController#index (for 127.0.0.1 at 2010-06-05 21:56:37) [GET]
  [4;35;1mMicropost Load (0.0ms)[0m   [0mSELECT * FROM "microposts" [0m
Rendering template within layouts/microposts
Rendering microposts/index
Completed in 13ms (View: 8, DB: 0) | 200 OK [http://localhost/microposts]


Processing MicropostsController#new (for 127.0.0.1 at 2010-06-05 22:00:27) [GET]
Rendering template within layouts/microposts
Rendering microposts/new
Completed in 13ms (View: 7, DB: 0) | 200 OK [http://localhost/microposts/new]


Processing MicropostsController#create (for 127.0.0.1 at 2010-06-05 22:00:34) [POST]
  Parameters: {"commit"=>"Create", "micropost"=>{"user_id"=>"1", "content"=>""}, "authenticity_token"=>"ve0qC4y6PZJCSp8ztpDLRUEIfXFz3VqU85WQrWPmsow="}
  [4;36;1mMicropost Create (0.0ms)[0m   [0;1mINSERT INTO "microposts" ("created_at", "updated_at", "user_id", "content") VALUES('2010-06-06 02:00:34', '2010-06-06 02:00:34', 1, '')[0m
Redirected to http://localhost:3000/microposts/3
Completed in 37ms (DB: 0) | 302 Found [http://localhost/microposts]


Processing MicropostsController#show (for 127.0.0.1 at 2010-06-05 22:00:35) [GET]
  Parameters: {"id"=>"3"}
  [4;35;1mMicropost Load (0.0ms)[0m   [0mSELECT * FROM "microposts" WHERE ("microposts"."id" = 3) [0m
Rendering template within layouts/microposts
Rendering microposts/show
Completed in 12ms (View: 4, DB: 0) | 200 OK [http://localhost/microposts/3]


Processing MicropostsController#index (for 127.0.0.1 at 2010-06-05 22:00:43) [GET]
  [4;36;1mMicropost Load (1.0ms)[0m   [0;1mSELECT * FROM "microposts" [0m
Rendering template within layouts/microposts
Rendering microposts/index
Completed in 16ms (View: 10, DB: 1) | 200 OK [http://localhost/microposts]


Processing MicropostsController#show (for 127.0.0.1 at 2010-06-05 22:00:46) [GET]
  Parameters: {"id"=>"1"}
  [4;35;1mMicropost Load (0.0ms)[0m   [0mSELECT * FROM "microposts" WHERE ("microposts"."id" = 1) [0m
Rendering template within layouts/microposts
Rendering microposts/show
Completed in 9ms (View: 3, DB: 0) | 200 OK [http://localhost/microposts/1]


Processing MicropostsController#show (for 127.0.0.1 at 2010-06-05 22:00:48) [GET]
  Parameters: {"id"=>"1"}
  [4;36;1mMicropost Load (0.0ms)[0m   [0;1mSELECT * FROM "microposts" WHERE ("microposts"."id" = 1) [0m
Rendering template within layouts/microposts
Rendering microposts/show
Completed in 9ms (View: 2, DB: 0) | 200 OK [http://localhost/microposts/1]


Processing MicropostsController#edit (for 127.0.0.1 at 2010-06-05 22:00:50) [GET]
  Parameters: {"id"=>"1"}
  [4;35;1mMicropost Load (0.0ms)[0m   [0mSELECT * FROM "microposts" WHERE ("microposts"."id" = 1) [0m
Rendering template within layouts/microposts
Rendering microposts/edit
Completed in 14ms (View: 8, DB: 0) | 200 OK [http://localhost/microposts/1/edit]


Processing MicropostsController#update (for 127.0.0.1 at 2010-06-05 22:00:52) [PUT]
  Parameters: {"commit"=>"Update", "micropost"=>{"user_id"=>"1", "content"=>"First posting with microposting"}, "authenticity_token"=>"ve0qC4y6PZJCSp8ztpDLRUEIfXFz3VqU85WQrWPmsow=", "id"=>"1"}
  [4;36;1mMicropost Load (0.0ms)[0m   [0;1mSELECT * FROM "microposts" WHERE ("microposts"."id" = 1) [0m
Redirected to http://localhost:3000/microposts/1
Completed in 7ms (DB: 0) | 302 Found [http://localhost/microposts/1]


Processing MicropostsController#show (for 127.0.0.1 at 2010-06-05 22:00:52) [GET]
  Parameters: {"id"=>"1"}
  [4;35;1mMicropost Load (0.0ms)[0m   [0mSELECT * FROM "microposts" WHERE ("microposts"."id" = 1) [0m
Rendering template within layouts/microposts
Rendering microposts/show
Completed in 9ms (View: 2, DB: 0) | 200 OK [http://localhost/microposts/1]


Processing MicropostsController#index (for 127.0.0.1 at 2010-06-05 22:00:55) [GET]
  [4;36;1mMicropost Load (0.0ms)[0m   [0;1mSELECT * FROM "microposts" [0m
Rendering template within layouts/microposts
Rendering microposts/index
Completed in 15ms (View: 9, DB: 0) | 200 OK [http://localhost/microposts]


Processing MicropostsController#destroy (for 127.0.0.1 at 2010-06-05 22:01:00) [DELETE]
  Parameters: {"authenticity_token"=>"ve0qC4y6PZJCSp8ztpDLRUEIfXFz3VqU85WQrWPmsow=", "id"=>"3"}
  [4;35;1mMicropost Load (0.0ms)[0m   [0mSELECT * FROM "microposts" WHERE ("microposts"."id" = 3) [0m
  [4;36;1mMicropost Destroy (1.0ms)[0m   [0;1mDELETE FROM "microposts" WHERE "id" = 3[0m
Redirected to http://localhost:3000/microposts
Completed in 45ms (DB: 1) | 302 Found [http://localhost/microposts/3]


Processing MicropostsController#index (for 127.0.0.1 at 2010-06-05 22:01:01) [GET]
  [4;35;1mMicropost Load (0.0ms)[0m   [0mSELECT * FROM "microposts" [0m
Rendering template within layouts/microposts
Rendering microposts/index
Completed in 12ms (View: 6, DB: 0) | 200 OK [http://localhost/microposts]


Processing MicropostsController#new (for 127.0.0.1 at 2010-06-05 22:01:03) [GET]
Rendering template within layouts/microposts
Rendering microposts/new
Completed in 13ms (View: 7, DB: 0) | 200 OK [http://localhost/microposts/new]


Processing MicropostsController#create (for 127.0.0.1 at 2010-06-05 22:01:23) [POST]
  Parameters: {"commit"=>"Create", "micropost"=>{"user_id"=>"1", "content"=>"gholg"}, "authenticity_token"=>"ve0qC4y6PZJCSp8ztpDLRUEIfXFz3VqU85WQrWPmsow="}
  [4;36;1mMicropost Create (1.0ms)[0m   [0;1mINSERT INTO "microposts" ("created_at", "updated_at", "user_id", "content") VALUES('2010-06-06 02:01:23', '2010-06-06 02:01:23', 1, 'gholg')[0m
Redirected to http://localhost:3000/microposts/4
Completed in 140ms (DB: 1) | 302 Found [http://localhost/microposts]


Processing MicropostsController#show (for 127.0.0.1 at 2010-06-05 22:01:23) [GET]
  Parameters: {"id"=>"4"}
  [4;35;1mMicropost Load (0.0ms)[0m   [0mSELECT * FROM "microposts" WHERE ("microposts"."id" = 4) [0m
Rendering template within layouts/microposts
Rendering microposts/show
Completed in 8ms (View: 2, DB: 0) | 200 OK [http://localhost/microposts/4]


Processing MicropostsController#index (for 127.0.0.1 at 2010-06-05 22:01:26) [GET]
  [4;36;1mMicropost Load (1.0ms)[0m   [0;1mSELECT * FROM "microposts" [0m
Rendering template within layouts/microposts
Rendering microposts/index
Completed in 16ms (View: 9, DB: 1) | 200 OK [http://localhost/microposts]


Processing MicropostsController#destroy (for 127.0.0.1 at 2010-06-05 22:01:29) [DELETE]
  Parameters: {"authenticity_token"=>"ve0qC4y6PZJCSp8ztpDLRUEIfXFz3VqU85WQrWPmsow=", "id"=>"4"}
  [4;35;1mMicropost Load (0.0ms)[0m   [0mSELECT * FROM "microposts" WHERE ("microposts"."id" = 4) [0m
  [4;36;1mMicropost Destroy (1.0ms)[0m   [0;1mDELETE FROM "microposts" WHERE "id" = 4[0m
Redirected to http://localhost:3000/microposts
Completed in 43ms (DB: 1) | 302 Found [http://localhost/microposts/4]


Processing MicropostsController#index (for 127.0.0.1 at 2010-06-05 22:01:30) [GET]
  [4;35;1mMicropost Load (1.0ms)[0m   [0mSELECT * FROM "microposts" [0m
Rendering template within layouts/microposts
Rendering microposts/index
Completed in 12ms (View: 6, DB: 1) | 200 OK [http://localhost/microposts]


Processing MicropostsController#new (for 127.0.0.1 at 2010-06-05 22:02:02) [GET]
Rendering template within layouts/microposts
Rendering microposts/new
Completed in 13ms (View: 7, DB: 0) | 200 OK [http://localhost/microposts/new]


Processing MicropostsController#create (for 127.0.0.1 at 2010-06-05 22:02:14) [POST]
  Parameters: {"commit"=>"Create", "micropost"=>{"user_id"=>"", "content"=>"another post"}, "authenticity_token"=>"ve0qC4y6PZJCSp8ztpDLRUEIfXFz3VqU85WQrWPmsow="}
  [4;36;1mMicropost Create (1.0ms)[0m   [0;1mINSERT INTO "microposts" ("created_at", "updated_at", "user_id", "content") VALUES('2010-06-06 02:02:14', '2010-06-06 02:02:14', NULL, 'another post')[0m
Redirected to http://localhost:3000/microposts/5
Completed in 44ms (DB: 1) | 302 Found [http://localhost/microposts]


Processing MicropostsController#show (for 127.0.0.1 at 2010-06-05 22:02:14) [GET]
  Parameters: {"id"=>"5"}
  [4;35;1mMicropost Load (0.0ms)[0m   [0mSELECT * FROM "microposts" WHERE ("microposts"."id" = 5) [0m
Rendering template within layouts/microposts
Rendering microposts/show
Completed in 9ms (View: 3, DB: 0) | 200 OK [http://localhost/microposts/5]


Processing MicropostsController#index (for 127.0.0.1 at 2010-06-05 22:02:18) [GET]
  [4;36;1mMicropost Load (1.0ms)[0m   [0;1mSELECT * FROM "microposts" [0m
Rendering template within layouts/microposts
Rendering microposts/index
Completed in 16ms (View: 9, DB: 1) | 200 OK [http://localhost/microposts]


Processing MicropostsController#destroy (for 127.0.0.1 at 2010-06-05 22:02:21) [DELETE]
  Parameters: {"authenticity_token"=>"ve0qC4y6PZJCSp8ztpDLRUEIfXFz3VqU85WQrWPmsow=", "id"=>"5"}
  [4;35;1mMicropost Load (0.0ms)[0m   [0mSELECT * FROM "microposts" WHERE ("microposts"."id" = 5) [0m
  [4;36;1mMicropost Destroy (1.0ms)[0m   [0;1mDELETE FROM "microposts" WHERE "id" = 5[0m
Redirected to http://localhost:3000/microposts
Completed in 50ms (DB: 1) | 302 Found [http://localhost/microposts/5]


Processing MicropostsController#index (for 127.0.0.1 at 2010-06-05 22:02:22) [GET]
  [4;35;1mMicropost Load (0.0ms)[0m   [0mSELECT * FROM "microposts" [0m
Rendering template within layouts/microposts
Rendering microposts/index
Completed in 11ms (View: 6, DB: 0) | 200 OK [http://localhost/microposts]


Processing MicropostsController#new (for 127.0.0.1 at 2010-06-05 22:04:22) [GET]
Rendering template within layouts/microposts
Rendering microposts/new
Completed in 15ms (View: 8, DB: 0) | 200 OK [http://localhost/microposts/new]


Processing MicropostsController#create (for 127.0.0.1 at 2010-06-05 22:04:27) [POST]
  Parameters: {"commit"=>"Create", "micropost"=>{"user_id"=>"", "content"=>""}, "authenticity_token"=>"ve0qC4y6PZJCSp8ztpDLRUEIfXFz3VqU85WQrWPmsow="}
  [4;36;1mMicropost Create (1.0ms)[0m   [0;1mINSERT INTO "microposts" ("created_at", "updated_at", "user_id", "content") VALUES('2010-06-06 02:04:27', '2010-06-06 02:04:27', NULL, '')[0m
Redirected to http://localhost:3000/microposts/6
Completed in 47ms (DB: 1) | 302 Found [http://localhost/microposts]


Processing MicropostsController#show (for 127.0.0.1 at 2010-06-05 22:04:28) [GET]
  Parameters: {"id"=>"6"}
  [4;35;1mMicropost Load (1.0ms)[0m   [0mSELECT * FROM "microposts" WHERE ("microposts"."id" = 6) [0m
Rendering template within layouts/microposts
Rendering microposts/show
Completed in 9ms (View: 3, DB: 1) | 200 OK [http://localhost/microposts/6]


Processing MicropostsController#index (for 127.0.0.1 at 2010-06-05 22:04:30) [GET]
  [4;36;1mMicropost Load (1.0ms)[0m   [0;1mSELECT * FROM "microposts" [0m
Rendering template within layouts/microposts
Rendering microposts/index
Completed in 20ms (View: 12, DB: 1) | 200 OK [http://localhost/microposts]


Processing MicropostsController#destroy (for 127.0.0.1 at 2010-06-05 22:04:33) [DELETE]
  Parameters: {"authenticity_token"=>"ve0qC4y6PZJCSp8ztpDLRUEIfXFz3VqU85WQrWPmsow=", "id"=>"6"}
  [4;35;1mMicropost Load (0.0ms)[0m   [0mSELECT * FROM "microposts" WHERE ("microposts"."id" = 6) [0m
  [4;36;1mMicropost Destroy (1.0ms)[0m   [0;1mDELETE FROM "microposts" WHERE "id" = 6[0m
Redirected to http://localhost:3000/microposts
Completed in 48ms (DB: 1) | 302 Found [http://localhost/microposts/6]


Processing MicropostsController#index (for 127.0.0.1 at 2010-06-05 22:04:34) [GET]
  [4;35;1mMicropost Load (0.0ms)[0m   [0mSELECT * FROM "microposts" [0m
Rendering template within layouts/microposts
Rendering microposts/index
Completed in 12ms (View: 6, DB: 0) | 200 OK [http://localhost/microposts]


Processing MicropostsController#new (for 127.0.0.1 at 2010-06-05 22:06:00) [GET]
Rendering template within layouts/microposts
Rendering microposts/new
Completed in 55ms (View: 6, DB: 0) | 200 OK [http://localhost/microposts/new]


Processing MicropostsController#create (for 127.0.0.1 at 2010-06-05 22:06:01) [POST]
  Parameters: {"commit"=>"Create", "micropost"=>{"user_id"=>"", "content"=>""}, "authenticity_token"=>"ve0qC4y6PZJCSp8ztpDLRUEIfXFz3VqU85WQrWPmsow="}
  [4;36;1mMicropost Create (1.0ms)[0m   [0;1mINSERT INTO "microposts" ("created_at", "updated_at", "user_id", "content") VALUES('2010-06-06 02:06:01', '2010-06-06 02:06:01', NULL, '')[0m
Redirected to http://localhost:3000/microposts/7
Completed in 48ms (DB: 1) | 302 Found [http://localhost/microposts]


Processing MicropostsController#show (for 127.0.0.1 at 2010-06-05 22:06:02) [GET]
  Parameters: {"id"=>"7"}
  [4;35;1mMicropost Load (0.0ms)[0m   [0mSELECT * FROM "microposts" WHERE ("microposts"."id" = 7) [0m
Rendering template within layouts/microposts
Rendering microposts/show
Completed in 9ms (View: 2, DB: 0) | 200 OK [http://localhost/microposts/7]


Processing MicropostsController#index (for 127.0.0.1 at 2010-06-05 22:06:04) [GET]
  [4;36;1mMicropost Load (0.0ms)[0m   [0;1mSELECT * FROM "microposts" [0m
Rendering template within layouts/microposts
Rendering microposts/index
Completed in 14ms (View: 8, DB: 0) | 200 OK [http://localhost/microposts]


Processing MicropostsController#destroy (for 127.0.0.1 at 2010-06-05 22:06:09) [DELETE]
  Parameters: {"authenticity_token"=>"ve0qC4y6PZJCSp8ztpDLRUEIfXFz3VqU85WQrWPmsow=", "id"=>"7"}
  [4;35;1mMicropost Load (0.0ms)[0m   [0mSELECT * FROM "microposts" WHERE ("microposts"."id" = 7) [0m
  [4;36;1mMicropost Destroy (1.0ms)[0m   [0;1mDELETE FROM "microposts" WHERE "id" = 7[0m
Redirected to http://localhost:3000/microposts
Completed in 80ms (DB: 1) | 302 Found [http://localhost/microposts/7]


Processing MicropostsController#index (for 127.0.0.1 at 2010-06-05 22:06:09) [GET]
  [4;35;1mMicropost Load (1.0ms)[0m   [0mSELECT * FROM "microposts" [0m
Rendering template within layouts/microposts
Rendering microposts/index
Completed in 14ms (View: 8, DB: 1) | 200 OK [http://localhost/microposts]
  [4;36;1mUser Load (0.0ms)[0m   [0;1mSELECT * FROM "users" LIMIT 1[0m
  [4;35;1mMicropost Load (0.0ms)[0m   [0mSELECT * FROM "microposts" WHERE ("microposts".user_id = 1) [0m


Processing MicropostsController#index (for 127.0.0.1 at 2010-06-05 22:48:25) [GET]
  [4;36;1mMicropost Load (0.0ms)[0m   [0;1mSELECT * FROM "microposts" [0m
Rendering template within layouts/microposts
Rendering microposts/index
Completed in 13ms (View: 7, DB: 0) | 200 OK [http://localhost/microposts]


Processing MicropostsController#new (for 127.0.0.1 at 2010-06-05 22:48:28) [GET]
Rendering template within layouts/microposts
Rendering microposts/new
Completed in 12ms (View: 6, DB: 0) | 200 OK [http://localhost/microposts/new]


Processing MicropostsController#create (for 127.0.0.1 at 2010-06-05 22:48:42) [POST]
  Parameters: {"commit"=>"Create", "micropost"=>{"user_id"=>"2", "content"=>"ruby in action"}, "authenticity_token"=>"ve0qC4y6PZJCSp8ztpDLRUEIfXFz3VqU85WQrWPmsow="}
  [4;35;1mMicropost Create (1.0ms)[0m   [0mINSERT INTO "microposts" ("created_at", "updated_at", "user_id", "content") VALUES('2010-06-06 02:48:42', '2010-06-06 02:48:42', 2, 'ruby in action')[0m
Redirected to http://localhost:3000/microposts/8
Completed in 63ms (DB: 1) | 302 Found [http://localhost/microposts]


Processing MicropostsController#show (for 127.0.0.1 at 2010-06-05 22:48:43) [GET]
  Parameters: {"id"=>"8"}
  [4;36;1mMicropost Load (0.0ms)[0m   [0;1mSELECT * FROM "microposts" WHERE ("microposts"."id" = 8) [0m
Rendering template within layouts/microposts
Rendering microposts/show
Completed in 10ms (View: 3, DB: 0) | 200 OK [http://localhost/microposts/8]


Processing MicropostsController#index (for 127.0.0.1 at 2010-06-05 22:48:47) [GET]
  [4;35;1mMicropost Load (0.0ms)[0m   [0mSELECT * FROM "microposts" [0m
Rendering template within layouts/microposts
Rendering microposts/index
Completed in 13ms (View: 7, DB: 0) | 200 OK [http://localhost/microposts]


Processing MicropostsController#new (for 127.0.0.1 at 2010-06-05 22:48:52) [GET]
Rendering template within layouts/microposts
Rendering microposts/new
Completed in 14ms (View: 8, DB: 0) | 200 OK [http://localhost/microposts/new]


Processing MicropostsController#index (for 127.0.0.1 at 2010-06-05 22:48:59) [GET]
  [4;36;1mMicropost Load (1.0ms)[0m   [0;1mSELECT * FROM "microposts" [0m
Rendering template within layouts/microposts
Rendering microposts/index
Completed in 15ms (View: 9, DB: 1) | 200 OK [http://localhost/microposts]


Processing ApplicationController#index (for 127.0.0.1 at 2010-06-05 22:53:15) [GET]

ActionController::RoutingError (No route matches "/posts/new" with {:method=>:get}):
  

Rendering rescues/layout (not_found)


Processing ApplicationController#index (for 127.0.0.1 at 2010-06-05 22:53:21) [GET]

ActionController::RoutingError (No route matches "/posts" with {:method=>:get}):
  

Rendering rescues/layout (not_found)


Processing MicropostsController#index (for 127.0.0.1 at 2010-06-05 22:58:01) [GET]
  [4;35;1mMicropost Load (1.0ms)[0m   [0mSELECT * FROM "microposts" [0m
Rendering template within layouts/microposts
Rendering microposts/index
Completed in 16ms (View: 9, DB: 1) | 200 OK [http://localhost/microposts]


Processing MicropostsController#show (for 127.0.0.1 at 2010-06-06 00:07:56) [GET]
  Parameters: {"id"=>"1"}
  [4;36;1mMicropost Load (1.0ms)[0m   [0;1mSELECT * FROM "microposts" WHERE ("microposts"."id" = 1) [0m
Rendering template within layouts/microposts
Rendering microposts/show
Completed in 9ms (View: 3, DB: 1) | 200 OK [http://localhost/microposts/1]


Processing MicropostsController#index (for 127.0.0.1 at 2010-06-06 00:07:58) [GET]
  [4;35;1mMicropost Load (0.0ms)[0m   [0mSELECT * FROM "microposts" [0m
Rendering template within layouts/microposts
Rendering microposts/index
Completed in 14ms (View: 8, DB: 0) | 200 OK [http://localhost/microposts]


Processing MicropostsController#new (for 127.0.0.1 at 2010-06-06 00:08:00) [GET]
Rendering template within layouts/microposts
Rendering microposts/new
Completed in 17ms (View: 9, DB: 0) | 200 OK [http://localhost/microposts/new]


Processing Rails::InfoController#properties (for 127.0.0.1 at 2010-06-06 21:03:26) [GET]
  [4;36;1mSQL (1.0ms)[0m   [0;1m SELECT name
 FROM sqlite_master
 WHERE type = 'table' AND NOT name = 'sqlite_sequence'
[0m
  [4;35;1mSQL (0.0ms)[0m   [0mSELECT version FROM schema_migrations[0m
Completed in 60ms (View: 6, DB: 1) | 200 OK [http://localhost/rails/info/properties]


Processing MicropostsController#index (for 127.0.0.1 at 2010-06-06 21:03:39) [GET]
  [4;36;1mMicropost Load (1.0ms)[0m   [0;1mSELECT * FROM "microposts" [0m
Rendering template within layouts/microposts
Rendering microposts/index
Completed in 419ms (View: 347, DB: 1) | 200 OK [http://localhost/microposts]


Processing MicropostsController#show (for 127.0.0.1 at 2010-06-06 21:03:43) [GET]
  Parameters: {"id"=>"1"}
  [4;35;1mMicropost Load (1.0ms)[0m   [0mSELECT * FROM "microposts" WHERE ("microposts"."id" = 1) [0m
Rendering template within layouts/microposts
Rendering microposts/show
Completed in 24ms (View: 11, DB: 1) | 200 OK [http://localhost/microposts/1]


Processing MicropostsController#index (for 127.0.0.1 at 2010-06-06 21:03:45) [GET]
  [4;36;1mMicropost Load (1.0ms)[0m   [0;1mSELECT * FROM "microposts" [0m
Rendering template within layouts/microposts
Rendering microposts/index
Completed in 18ms (View: 11, DB: 1) | 200 OK [http://localhost/microposts]


Processing MicropostsController#new (for 127.0.0.1 at 2010-06-06 21:03:47) [GET]
Rendering template within layouts/microposts
Rendering microposts/new
Completed in 34ms (View: 22, DB: 0) | 200 OK [http://localhost/microposts/new]


Processing MicropostsController#create (for 127.0.0.1 at 2010-06-06 21:04:27) [POST]
  Parameters: {"commit"=>"Create", "micropost"=>{"user_id"=>"Jog Foo", "content"=>"Creating another application"}, "authenticity_token"=>"GR21JLi0mVlgLARVGmU9XaHirGQ3dxSeEf0DXYexLWI="}
  [4;35;1mMicropost Create (1.0ms)[0m   [0mINSERT INTO "microposts" ("created_at", "updated_at", "user_id", "content") VALUES('2010-06-07 01:04:27', '2010-06-07 01:04:27', 0, 'Creating another application')[0m
Redirected to http://localhost:3000/microposts/9
Completed in 46ms (DB: 1) | 302 Found [http://localhost/microposts]


Processing MicropostsController#show (for 127.0.0.1 at 2010-06-06 21:04:28) [GET]
  Parameters: {"id"=>"9"}
  [4;36;1mMicropost Load (0.0ms)[0m   [0;1mSELECT * FROM "microposts" WHERE ("microposts"."id" = 9) [0m
Rendering template within layouts/microposts
Rendering microposts/show
Completed in 13ms (View: 4, DB: 0) | 200 OK [http://localhost/microposts/9]


Processing MicropostsController#index (for 127.0.0.1 at 2010-06-06 21:04:38) [GET]
  [4;35;1mMicropost Load (2.0ms)[0m   [0mSELECT * FROM "microposts" [0m
Rendering template within layouts/microposts
Rendering microposts/index
Completed in 36ms (View: 22, DB: 2) | 200 OK [http://localhost/microposts]


Processing UsersController#index (for 127.0.0.1 at 2010-06-06 21:04:55) [GET]
  [4;36;1mUser Load (1.0ms)[0m   [0;1mSELECT * FROM "users" [0m
Rendering template within layouts/users
Rendering users/index
Completed in 122ms (View: 33, DB: 1) | 200 OK [http://localhost/users]


Processing UsersController#new (for 127.0.0.1 at 2010-06-06 21:05:02) [GET]
Rendering template within layouts/users
Rendering users/new
Completed in 87ms (View: 74, DB: 0) | 200 OK [http://localhost/users/new]


Processing UsersController#show (for 127.0.0.1 at 2010-06-06 21:05:07) [GET]
  Parameters: {"id"=>"1"}
  [4;35;1mUser Load (0.0ms)[0m   [0mSELECT * FROM "users" WHERE ("users"."id" = 1) [0m
Rendering template within layouts/users
Rendering users/show
Completed in 26ms (View: 12, DB: 0) | 200 OK [http://localhost/users/1]


Processing UsersController#new (for 127.0.0.1 at 2010-06-06 21:05:10) [GET]
Rendering template within layouts/users
Rendering users/new
Completed in 26ms (View: 14, DB: 0) | 200 OK [http://localhost/users/new]


Processing UsersController#create (for 127.0.0.1 at 2010-06-06 21:05:55) [POST]
  Parameters: {"commit"=>"Create", "authenticity_token"=>"GR21JLi0mVlgLARVGmU9XaHirGQ3dxSeEf0DXYexLWI=", "user"=>{"name"=>"John Doe", "email"=>"just@anotheremail.com"}}
  [4;36;1mUser Create (1.0ms)[0m   [0;1mINSERT INTO "users" ("name", "created_at", "updated_at", "email") VALUES('John Doe', '2010-06-07 01:05:55', '2010-06-07 01:05:55', 'just@anotheremail.com')[0m
Redirected to http://localhost:3000/users/3
Completed in 57ms (DB: 1) | 302 Found [http://localhost/users]


Processing UsersController#show (for 127.0.0.1 at 2010-06-06 21:05:55) [GET]
  Parameters: {"id"=>"3"}
  [4;35;1mUser Load (1.0ms)[0m   [0mSELECT * FROM "users" WHERE ("users"."id" = 3) [0m
Rendering template within layouts/users
Rendering users/show
Completed in 20ms (View: 6, DB: 1) | 200 OK [http://localhost/users/3]
